2018-02-26 08:21:19.653/3.900 Oracle Coherence 12.2.1.3.0 <Info> (thread=main, member=n/a): Loaded operational configuration from "jar:file:/C:/JDEV12213_HOME/Oracle/Middleware/Oracle_Home/coherence/lib/coherence.jar!/tangosol-coherence.xml"
2018-02-26 08:21:19.756/4.003 Oracle Coherence 12.2.1.3.0 <Info> (thread=main, member=n/a): Loaded operational overrides from "jar:file:/C:/JDEV12213_HOME/Oracle/Middleware/Oracle_Home/coherence/lib/coherence.jar!/tangosol-coherence-override-dev.xml"
2018-02-26 08:21:19.763/4.009 Oracle Coherence 12.2.1.3.0 <D5> (thread=main, member=n/a): Optional configuration override "/tangosol-coherence-override.xml" is not specified
2018-02-26 08:21:19.777/4.023 Oracle Coherence 12.2.1.3.0 <D5> (thread=main, member=n/a): Optional configuration override "cache-factory-config.xml" is not specified
2018-02-26 08:21:19.783/4.030 Oracle Coherence 12.2.1.3.0 <D5> (thread=main, member=n/a): Optional configuration override "cache-factory-builder-config.xml" is not specified
2018-02-26 08:21:19.789/4.036 Oracle Coherence 12.2.1.3.0 <D5> (thread=main, member=n/a): Optional configuration override "/custom-mbeans.xml" is not specified

Oracle Coherence Version 12.2.1.3.0 Build 68243
 Grid Edition: Development mode
Copyright (c) 2000, 2017, Oracle and/or its affiliates. All rights reserved.

2018-02-26 08:21:20.567/4.813 Oracle Coherence GE 12.2.1.3.0 <Info> (thread=main, member=n/a): Created cache factory com.tangosol.net.ExtensibleConfigurableCacheFactory
2018-02-26 08:21:20.797/5.043 Oracle Coherence GE 12.2.1.3.0 <Info> (thread=main, member=n/a): The cluster name has not been configured, a value of "rtuta's cluster" has been automatically generated
Feb 26, 2018 8:21:21 AM oracle.soa.scac.ValidateComposite loadWSDLs
WARNING: Validating WSDLs from WSDLManager....  with option UseSoaInfraMds:false
Feb 26, 2018 8:21:22 AM oracle.fabric.common.wsdl.SchemaManager isIncrementalBuildSupported
INFO: XMLSchema incremental build enabled.
Feb 26, 2018 8:21:22 AM com.collaxa.cube.CubeLogger info
INFO: validating "BPEL/HelloWorldBPEL.bpel" ...
Feb 26, 2018 8:21:24 AM com.collaxa.cube.CubeLogger info
INFO: Composed "HelloWorldBPEL" in 151.1 milliseconds [nodes 6=0+6, 39.7 nodes/sec]
Feb 26, 2018 8:21:28 AM com.collaxa.cube.CubeLogger info
INFO: Compiled "HelloWorldBPEL" in 4.453 seconds
Feb 26, 2018 8:21:28 AM com.collaxa.cube.CubeLogger info
INFO: Gathered 4 files in 7.2 milliseconds
Feb 26, 2018 8:21:28 AM com.collaxa.cube.CubeLogger info
INFO: Packaged "HelloWorldBPEL" in 33.7 milliseconds
Java HotSpot(TM) 64-Bit Server VM warning: ignoring option PermSize=32m; support was removed in 8.0
Java HotSpot(TM) 64-Bit Server VM warning: ignoring option MaxPermSize=256m; support was removed in 8.0
